Build started 4/22/2012 12:45:34 AM.
     1>Project "C:\Users\sid\Desktop\comp426\oclSimpleGL\oclSimpleGL_vc9.vcxproj" on node 2 (build target(s)).
     1>InitializeBuildStatus:
         Creating "Debug\oclSimpleGL.unsuccessfulbuild" because "AlwaysCreate" was specified.
       ClCompile:
         c:\Program Files (x86)\Microsoft Visual Studio 10.0\VC\bin\CL.exe /c /I.\opengl\ /I"C:\Program Files (x86)\Intel\OpenCL SDK\1.5\\include" /I"C:\Program Files\NVIDIA GPU Computing Toolkit\CUDA\v4.2\include\CL" /I"C:\Program Files\NVIDIA GPU Computing Toolkit\CUDA\v4.2\include" /I"C:\Program Files\NVIDIA Corporation\OpenCL" /I../../common/inc/ /I../../../shared/inc/ /ZI /nologo /W3 /WX- /Od /Oy- /D WIN32 /D _DEBUG /D _CONSOLE /D _UNICODE /D UNICODE /Gm /EHsc /RTC1 /MTd /GS /fp:precise /Zc:wchar_t /Zc:forScope /Fo"Debug\\" /Fd"Debug\vc100.pdb" /Gd /TP /analyze- /errorReport:prompt oclSimpleGL.cpp
         oclSimpleGL.cpp
       ManifestResourceCompile:
         All outputs are up-to-date.
       Link:
         c:\Program Files (x86)\Microsoft Visual Studio 10.0\VC\bin\link.exe /ERRORREPORT:PROMPT /OUT:"..\..\bin\Win32\Debug\oclSimpleGL.exe" /INCREMENTAL /NOLOGO /LIBPATH:C:\Users\sid\Desktop\oclSimpleGL\opengl /LIBPATH:./opengl/ /LIBPATH:"C:\Program Files (x86)\Intel\OpenCL SDK\1.5\\lib\x86" /LIBPATH:../../common/lib/ /LIBPATH:../../../shared/lib /LIBPATH:../../common/lib/Win32/ glew32.lib OpenCL.lib kernel32.lib user32.lib gdi32.lib winspool.lib comdlg32.lib advapi32.lib shell32.lib ole32.lib oleaut32.lib uuid.lib odbc32.lib odbccp32.lib /MANIFEST /ManifestFile:"Debug\oclSimpleGL.exe.intermediate.manifest" /MANIFESTUAC:"level='asInvoker' uiAccess='false'" /DEBUG /PDB:"C:\Users\sid\Desktop\bin\Win32\Debug\oclSimpleGL.pdb" /SUBSYSTEM:CONSOLE /TLBID:1 /DYNAMICBASE:NO /IMPLIB:"..\..\bin\Win32\Debug\oclSimpleGL.lib" /MACHINE:X86 Debug\oclSimpleGL.exe.embed.manifest.res
         Debug\oclSimpleGL.obj
         Debug\utils.obj
       Manifest:
         c:\Program Files (x86)\Microsoft SDKs\Windows\v7.0A\bin\mt.exe /nologo /verbose /out:"Debug\oclSimpleGL.exe.embed.manifest" /manifest Debug\oclSimpleGL.exe.intermediate.manifest
         All outputs are up-to-date.
       LinkEmbedManifest:
         All outputs are up-to-date.
         oclSimpleGL_vc9.vcxproj -> C:\Users\sid\Desktop\comp426\oclSimpleGL\..\..\bin\Win32\Debug\oclSimpleGL.exe
       FinalizeBuildStatus:
         Deleting file "Debug\oclSimpleGL.unsuccessfulbuild".
         Touching "Debug\oclSimpleGL.lastbuildstate".
     1>Done Building Project "C:\Users\sid\Desktop\comp426\oclSimpleGL\oclSimpleGL_vc9.vcxproj" (build target(s)).

Build succeeded.

Time Elapsed 00:00:03.23
