C:\USERS\SID\DESKTOP\BIN\WIN32\DEBUG\OCLSIMPLEGL.EXE
C:\USERS\SID\DESKTOP\BIN\WIN32\DEBUG\OCLSIMPLEGL.ILK
C:\USERS\SID\DESKTOP\BIN\WIN32\DEBUG\OCLSIMPLEGL.PDB
C:\Users\sid\Desktop\comp426\oclSimpleGL\Debug\cl.command.1.tlog
C:\Users\sid\Desktop\comp426\oclSimpleGL\Debug\CL.read.1.tlog
C:\Users\sid\Desktop\comp426\oclSimpleGL\Debug\CL.write.1.tlog
C:\Users\sid\Desktop\comp426\oclSimpleGL\Debug\link.2248.read.1.tlog
C:\Users\sid\Desktop\comp426\oclSimpleGL\Debug\link.2248.write.1.tlog
C:\Users\sid\Desktop\comp426\oclSimpleGL\Debug\link.2248-cvtres.read.1.tlog
C:\Users\sid\Desktop\comp426\oclSimpleGL\Debug\link.2248-cvtres.write.1.tlog
C:\Users\sid\Desktop\comp426\oclSimpleGL\Debug\link.command.1.tlog
C:\Users\sid\Desktop\comp426\oclSimpleGL\Debug\link.read.1.tlog
C:\Users\sid\Desktop\comp426\oclSimpleGL\Debug\link.write.1.tlog
C:\Users\sid\Desktop\comp426\oclSimpleGL\Debug\link-cvtres.read.1.tlog
C:\Users\sid\Desktop\comp426\oclSimpleGL\Debug\link-cvtres.write.1.tlog
C:\Users\sid\Desktop\comp426\oclSimpleGL\Debug\mt.command.1.tlog
C:\Users\sid\Desktop\comp426\oclSimpleGL\Debug\mt.read.1.tlog
C:\Users\sid\Desktop\comp426\oclSimpleGL\Debug\mt.write.1.tlog
C:\USERS\SID\DESKTOP\COMP426\OCLSIMPLEGL\DEBUG\OCLSIMPLEGL.EXE.EMBED.MANIFEST
C:\USERS\SID\DESKTOP\COMP426\OCLSIMPLEGL\DEBUG\OCLSIMPLEGL.EXE.EMBED.MANIFEST.RES
C:\USERS\SID\DESKTOP\COMP426\OCLSIMPLEGL\DEBUG\OCLSIMPLEGL.EXE.INTERMEDIATE.MANIFEST
C:\USERS\SID\DESKTOP\COMP426\OCLSIMPLEGL\DEBUG\OCLSIMPLEGL.OBJ
C:\Users\sid\Desktop\comp426\oclSimpleGL\Debug\oclSimpleGL_manifest.rc
C:\Users\sid\Desktop\comp426\oclSimpleGL\Debug\rc.command.1.tlog
C:\Users\sid\Desktop\comp426\oclSimpleGL\Debug\rc.read.1.tlog
C:\Users\sid\Desktop\comp426\oclSimpleGL\Debug\rc.write.1.tlog
C:\USERS\SID\DESKTOP\COMP426\OCLSIMPLEGL\DEBUG\UTILS.OBJ
C:\Users\sid\Desktop\comp426\oclSimpleGL\Debug\vc100.idb
C:\USERS\SID\DESKTOP\COMP426\OCLSIMPLEGL\DEBUG\VC100.PDB
